Arguments: 
  /usr/bin/node /usr/share/yarn/bin/yarn.js add -D react-test-renderer@17.0.1 @testing-library/react-native @testing/library/react-hooks

PATH: 
  /usr/local/sbin:/usr/local/bin:/usr/sbin:/usr/bin:/sbin:/bin:/usr/games:/usr/local/games:/snap/bin

Yarn version: 
  1.22.17

Node version: 
  16.13.1

Platform: 
  linux x64

Trace: 
  Error: https://registry.yarnpkg.com/@testing%2flibrary/react-hooks: Request "https://registry.yarnpkg.com/@testing%2flibrary/react-hooks" returned a 405
      at Request.params.callback [as _callback] (/usr/share/yarn/lib/cli.js:67038:18)
      at Request.self.callback (/usr/share/yarn/lib/cli.js:140883:22)
      at Request.emit (node:events:390:28)
      at Request.<anonymous> (/usr/share/yarn/lib/cli.js:141855:10)
      at Request.emit (node:events:390:28)
      at IncomingMessage.<anonymous> (/usr/share/yarn/lib/cli.js:141777:12)
      at Object.onceWrapper (node:events:509:28)
      at IncomingMessage.emit (node:events:402:35)
      at endReadableNT (node:internal/streams/readable:1343:12)
      at processTicksAndRejections (node:internal/process/task_queues:83:21)

npm manifest: 
  {
    "name": "leilaotestes",
    "version": "1.0.0",
    "main": "node_modules/expo/AppEntry.js",
    "scripts": {
      "start": "expo start",
      "android": "expo start --android",
      "ios": "expo start --ios",
      "web": "expo start --web",
      "eject": "expo eject",
      "api": "json-server --host 192.168.1.107 --watch db.json",
      "test": "jest --watchAll --coverage=false",
      "test-final":"jest"
    },
    "dependencies": {
      "@react-navigation/native": "^6.0.8",
      "@react-navigation/native-stack": "^6.4.1",
      "axios": "^0.25.0",
      "expo": "~44.0.0",
      "expo-blur": "~11.0.0",
      "intl": "^1.2.5",
      "jest": "^26.6.3",
      "jest-expo": "^45.0.1",
      "react": "17.0.1",
      "react-dom": "17.0.1",
      "react-native": "0.64.3",
      "react-native-safe-area-context": "3.3.2",
      "react-native-screens": "~3.10.1",
      "react-native-web": "0.17.1"
    },
    "devDependencies": {
      "@babel/core": "^7.12.9"
    },
    "private": true,
    "jest": {
      "preset": "jest-expo",
      "transformIgnorePatterns": [
        "node_modules/(?!((jest-)?react-native|@react-native(-community)?)|expo(nent)?|@expo(nent)?/.*|@expo-google-fonts/.*|react-navigation|@react-navigation/.*|@unimodules/.*|unimodules|sentry-expo|native-base|react-native-svg)"
      ],
      "collectCoverage": true,
      "collectCoverageFrom": [
        "**/*.{js,jsx}",
        "!**/coverage/**",
        "!**/node_modules/**",
        "!**/babel.config.js",
        "!**/jest.setup.js"
      ]
    }
  }

yarn manifest: 
  No manifest

Lockfile: 
  No lockfile
